\BOOKMARK [1][-]{section.1}{\376\377\122\115\212\000}{}% 1
\BOOKMARK [1][-]{section.2}{\376\377\230\171\166\356\166\356\150\007}{}% 2
\BOOKMARK [1][-]{section.3}{\376\377\137\000\123\321\163\257\130\203}{}% 3
\BOOKMARK [1][-]{section.4}{\376\377\133\236\163\260\145\271\154\325}{}% 4
\BOOKMARK [2][-]{subsection.4.1}{\376\377\116\073\172\013\136\217}{section.4}% 5
\BOOKMARK [3][-]{subsubsection.4.1.1}{\376\377\127\372\147\054\140\035\215\357}{subsection.4.1}% 6
\BOOKMARK [3][-]{subsubsection.4.1.2}{\376\377\173\227\154\325\155\101\172\013}{subsection.4.1}% 7
\BOOKMARK [3][-]{subsubsection.4.1.3}{\376\377\211\343\121\263\225\356\230\230}{subsection.4.1}% 8
\BOOKMARK [2][-]{subsection.4.2}{\376\377\213\315\154\325\122\006\147\220}{section.4}% 9
\BOOKMARK [3][-]{subsubsection.4.2.1}{\376\377\127\372\147\054\140\035\215\357}{subsection.4.2}% 10
\BOOKMARK [3][-]{subsubsection.4.2.2}{\376\377\173\227\154\325\155\101\172\013}{subsection.4.2}% 11
\BOOKMARK [3][-]{subsubsection.4.2.3}{\376\377\211\343\121\263\225\356\230\230}{subsection.4.2}% 12
\BOOKMARK [2][-]{subsection.4.3}{\376\377\213\355\154\325\122\006\147\220}{section.4}% 13
\BOOKMARK [3][-]{subsubsection.4.3.1}{\376\377\127\372\147\054\140\035\215\357}{subsection.4.3}% 14
\BOOKMARK [3][-]{subsubsection.4.3.2}{\376\377\173\227\154\325\155\101\172\013}{subsection.4.3}% 15
\BOOKMARK [3][-]{subsubsection.4.3.3}{\376\377\211\343\121\263\225\356\230\230}{subsection.4.3}% 16
\BOOKMARK [2][-]{subsection.4.4}{\376\377\213\355\116\111\122\006\147\220}{section.4}% 17
\BOOKMARK [3][-]{subsubsection.4.4.1}{\376\377\127\372\147\054\140\035\215\357}{subsection.4.4}% 18
\BOOKMARK [3][-]{subsubsection.4.4.2}{\376\377\173\227\154\325\155\101\172\013}{subsection.4.4}% 19
\BOOKMARK [1][-]{section.5}{\376\377\176\323\147\234}{}% 20
\BOOKMARK [2][-]{subsection.5.1}{\376\377\145\207\116\366\166\356\137\125\176\323\147\204}{section.5}% 21
\BOOKMARK [2][-]{subsection.5.2}{\376\377\117\177\165\050\145\271\154\325}{section.5}% 22
\BOOKMARK [2][-]{subsection.5.3}{\376\377\133\236\226\105\117\213\133\120\166\204\217\223\121\145\217\223\121\372\145\110\147\234}{section.5}% 23
\BOOKMARK [3][-]{subsubsection.5.3.1}{\376\377\217\223\121\145}{subsection.5.3}% 24
\BOOKMARK [3][-]{subsubsection.5.3.2}{\376\377\217\223\121\372}{subsection.5.3}% 25
\BOOKMARK [3][-]{subsubsection.5.3.3}{\376\377\147\345\167\013\213\355\154\325\150\021}{subsection.5.3}% 26
\BOOKMARK [1][-]{section.6}{\376\377\230\171\166\356\122\006\135\345}{}% 27
